2024-05-30T21:21:00.614Z - info: [ui] Opt in reported.
2024-05-30T21:21:00.733Z - info: [ui] [AppStore] loading 0 repositories from store
2024-05-30T21:21:00.840Z - info: [ui] [Welcome] no sign in step found. ignoring...
2024-05-30T21:21:00.855Z - info: [ui] [Welcome] no sign in step found. ignoring...
2024-05-30T21:21:00.923Z - info: [ui] [Welcome] no sign in step found. ignoring...
2024-05-30T21:21:00.927Z - info: [ui] launching: 3.3.12-linux2 (Linux 6.9.2-arch1-1)
2024-05-30T21:21:00.928Z - info: [ui] execPath: '/opt/github-desktop/github-desktop'
2024-05-30T21:21:01.356Z - info: [ui] [Welcome] no sign in step found. ignoring...
2024-05-30T21:21:03.788Z - info: [ui] [Welcome] advancing to step: SignInToDotComWithBrowser
2024-05-30T21:21:03.789Z - info: [ui] [SignInStore] initializing OAuth flow
2024-05-30T21:21:03.794Z - info: [main] opening in browser: https://github.com/login/oauth/authorize?client_id=3a723b10ac5575cc5bb9&scope=repo%20user%20workflow&state=567dc177-69e7-4b62-90d8-09317edeb559
2024-05-30T21:21:03.796Z - info: [ui] [Welcome] current sign in state not found. ignoring...
2024-05-30T21:21:05.380Z - info: [ui] [Welcome] kind Authentication is the same as Authentication. ignoring...
2024-05-30T21:21:07.395Z - info: [main] Received possible protocol arguments: 3
2024-05-30T21:21:07.395Z - info: [main] Processing protocol url
2024-05-30T21:21:07.397Z - info: [ui] [Dispatcher] requesting authenticated user
2024-05-30T21:21:07.406Z - info: [ui] [Welcome] kind Authentication is the same as Authentication. ignoring...
2024-05-30T21:21:07.532Z - info: [main] Received possible protocol arguments: 2
2024-05-30T21:21:07.542Z - info: [main] Processing protocol url
2024-05-30T21:21:07.711Z - info: [ui] [Welcome] kind Authentication is the same as Authentication. ignoring...
2024-05-30T21:21:08.291Z - info: [ui] [SignInStore] account resolved
2024-05-30T21:21:08.292Z - info: [ui] [AppStore] adding account cunningsquid (cunningsquid) to store
2024-05-30T21:21:08.306Z - info: [ui] [Welcome] advancing to step: ConfigureGit
2024-05-30T21:21:08.385Z - info: [ui] [Welcome] no sign in step found. ignoring...
2024-05-30T21:21:08.428Z - info: [ui] [Welcome] no sign in step found. ignoring...
2024-05-30T21:21:08.905Z - info: [ui] Subscribed 'cunningsquid' to Alive channel
2024-05-30T21:21:09.572Z - info: [ui] [Welcome] no sign in step found. ignoring...
2024-05-30T21:22:04.661Z - info: [ui] [AppStore] adding repository at /home/squid/dotfiles to store
2024-05-30T21:22:06.321Z - info: [ui] [BranchPruner] No branches to prune.
2024-05-30T21:22:39.538Z - info: [ui] Executing updateIndex: git update-index --add --remove --replace -z --stdin (took 10.370s)
2024-05-30T21:22:39.714Z - info: [ui] [Timing] Action 'create commit' for 'cunningsquid/dotfiles' took 10.604s
