INFO: 2024-05-25 17:55:20,833: main() 'Using profile folder /home/cunningsquid/.config/variety/'
INFO: 2024-05-25 17:55:20,862: perform_upgrade() 'Last run version was 0.8.12 or earlier, current version is 0.8.12'
INFO: 2024-05-25 17:55:21,527: process_command() 'Received command: []'
INFO: 2024-05-25 17:55:21,532: start() 'Using data_path /usr/share/variety'
INFO: 2024-05-25 17:55:21,532: load() 'Jumble loading'
INFO: 2024-05-25 17:55:21,532: _walk_modules() 'Jumble loading module in __init__ from /usr/lib/python3.12/site-packages/variety/plugins/builtin/__init__.py'
INFO: 2024-05-25 17:55:21,533: _walk_modules() 'Jumble loading module in GnomeDisplayModesPlugin from /usr/lib/python3.12/site-packages/variety/plugins/builtin/display_modes/GnomeDisplayModesPlugin.py'
INFO: 2024-05-25 17:55:21,533: load() 'Jumble found plugin class: <class 'GnomeDisplayModesPlugin.GnomeDisplayModesPlugin'>: {'name': 'GnomeDisplayModesPlugin', 'description': 'Display modes relying on the underlying desktop environment', 'version': '1.0', 'author': 'Peter Levi'}'
INFO: 2024-05-25 17:55:21,533: _walk_modules() 'Jumble loading module in LegacyDisplayModesPlugin from /usr/lib/python3.12/site-packages/variety/plugins/builtin/display_modes/LegacyDisplayModesPlugin.py'
INFO: 2024-05-25 17:55:21,534: load() 'Jumble found plugin class: <class 'LegacyDisplayModesPlugin.LegacyDisplayModesPlugin'>: {'name': 'LegacyDisplayModesPlugin', 'description': 'Legacy display mode for compatibility with past Variety versions', 'version': '1.0', 'author': 'Peter Levi'}'
INFO: 2024-05-25 17:55:21,534: _walk_modules() 'Jumble loading module in ResizingDisplayModesPlugin from /usr/lib/python3.12/site-packages/variety/plugins/builtin/display_modes/ResizingDisplayModesPlugin.py'
INFO: 2024-05-25 17:55:21,546: load() 'Jumble found plugin class: <class 'ResizingDisplayModesPlugin.ResizingDisplayModesPlugin'>: {'name': 'ResizingDisplayModesPlugin', 'description': 'Display modes that use image resizing within Variety', 'version': '1.0', 'author': 'Peter Levi'}'
INFO: 2024-05-25 17:55:21,546: _walk_modules() 'Jumble loading module in __init__ from /usr/lib/python3.12/site-packages/variety/plugins/builtin/display_modes/__init__.py'
INFO: 2024-05-25 17:55:21,559: _walk_modules() 'Jumble loading module in APODDownloader from /usr/lib/python3.12/site-packages/variety/plugins/builtin/downloaders/APODDownloader.py'
INFO: 2024-05-25 17:55:21,560: load() 'Jumble found plugin class: <class 'APODDownloader.APODDownloader'>: {'name': 'APODDownloader', 'description': 'NASA Astro Pic of the Day', 'author': 'Peter Levi', 'version': '0.1'}'
INFO: 2024-05-25 17:55:21,561: _walk_modules() 'Jumble loading module in ArtStationDownloader from /usr/lib/python3.12/site-packages/variety/plugins/builtin/downloaders/ArtStationDownloader.py'
INFO: 2024-05-25 17:55:21,562: _walk_modules() 'Jumble loading module in ArtStationSource from /usr/lib/python3.12/site-packages/variety/plugins/builtin/downloaders/ArtStationSource.py'
INFO: 2024-05-25 17:55:21,564: load() 'Jumble found plugin class: <class 'ArtStationSource.ArtStationSource'>: {'name': 'ArtStationSource', 'description': 'Configurable source for fetching images from ArtStation', 'author': 'Denis Gordeev', 'version': '0.1'}'
INFO: 2024-05-25 17:55:21,564: _walk_modules() 'Jumble loading module in BingDownloader from /usr/lib/python3.12/site-packages/variety/plugins/builtin/downloaders/BingDownloader.py'
INFO: 2024-05-25 17:55:21,565: load() 'Jumble found plugin class: <class 'BingDownloader.BingDownloader'>: {'name': 'BingDownloader', 'description': 'Bing Photo of the Day', 'author': 'Peter Levi', 'version': '0.1'}'
INFO: 2024-05-25 17:55:21,565: _walk_modules() 'Jumble loading module in EarthviewDownloader from /usr/lib/python3.12/site-packages/variety/plugins/builtin/downloaders/EarthviewDownloader.py'
INFO: 2024-05-25 17:55:21,565: load() 'Jumble found plugin class: <class 'EarthviewDownloader.EarthviewDownloader'>: {'name': 'EarthviewDownloader', 'description': 'Google Earth View Wallpapers', 'author': 'Peter Levi', 'version': '0.1'}'
INFO: 2024-05-25 17:55:21,566: _walk_modules() 'Jumble loading module in MediaRSSDownloader from /usr/lib/python3.12/site-packages/variety/plugins/builtin/downloaders/MediaRSSDownloader.py'
INFO: 2024-05-25 17:55:21,575: _walk_modules() 'Jumble loading module in MediaRSSSource from /usr/lib/python3.12/site-packages/variety/plugins/builtin/downloaders/MediaRSSSource.py'
INFO: 2024-05-25 17:55:21,575: load() 'Jumble found plugin class: <class 'MediaRSSSource.MediaRSSSource'>: {'name': 'MediaRSSSource', 'description': 'Configurable source for fetching images from MediaRSS feeds', 'author': 'Peter Levi', 'version': '0.1'}'
INFO: 2024-05-25 17:55:21,576: _walk_modules() 'Jumble loading module in NationalGeographicDownloader from /usr/lib/python3.12/site-packages/variety/plugins/builtin/downloaders/NationalGeographicDownloader.py'
INFO: 2024-05-25 17:55:21,576: load() 'Jumble found plugin class: <class 'NationalGeographicDownloader.NationalGeographicDownloader'>: {'name': 'NationalGeographicDownloader', 'description': "National Geographic's photo of the day", 'author': 'Eric Rösch', 'version': '0.1'}'
INFO: 2024-05-25 17:55:21,576: _walk_modules() 'Jumble loading module in RedditDownloader from /usr/lib/python3.12/site-packages/variety/plugins/builtin/downloaders/RedditDownloader.py'
INFO: 2024-05-25 17:55:21,593: _walk_modules() 'Jumble loading module in RedditSource from /usr/lib/python3.12/site-packages/variety/plugins/builtin/downloaders/RedditSource.py'
INFO: 2024-05-25 17:55:21,595: load() 'Jumble found plugin class: <class 'RedditSource.RedditSource'>: {'name': 'RedditSource', 'description': 'Configurable source for fetching images from Reddit', 'author': 'Peter Levi', 'version': '0.1'}'
INFO: 2024-05-25 17:55:21,595: _walk_modules() 'Jumble loading module in UnsplashConfigurableSource from /usr/lib/python3.12/site-packages/variety/plugins/builtin/downloaders/UnsplashConfigurableSource.py'
INFO: 2024-05-25 17:55:21,597: load() 'Jumble found plugin class: <class 'UnsplashConfigurableSource.UnsplashConfigurableSource'>: {'name': 'UnsplashConfigurableSource', 'description': 'Configurable source for fetching photos from Unsplash.com', 'author': 'Peter Levi', 'version': '0.1'}'
INFO: 2024-05-25 17:55:21,597: _walk_modules() 'Jumble loading module in UnsplashDownloader from /usr/lib/python3.12/site-packages/variety/plugins/builtin/downloaders/UnsplashDownloader.py'
INFO: 2024-05-25 17:55:21,597: load() 'Jumble found plugin class: <class 'UnsplashDownloader.UnsplashDownloader'>: {'name': 'UnsplashDownloader', 'description': 'High-resolution photos from Unsplash.com', 'author': 'Peter Levi', 'version': '0.1'}'
INFO: 2024-05-25 17:55:21,598: _walk_modules() 'Jumble loading module in WallhavenDownloader from /usr/lib/python3.12/site-packages/variety/plugins/builtin/downloaders/WallhavenDownloader.py'
INFO: 2024-05-25 17:55:21,600: _walk_modules() 'Jumble loading module in WallhavenLegacyDownloader from /usr/lib/python3.12/site-packages/variety/plugins/builtin/downloaders/WallhavenLegacyDownloader.py'
INFO: 2024-05-25 17:55:21,600: _walk_modules() 'Jumble loading module in WallhavenSource from /usr/lib/python3.12/site-packages/variety/plugins/builtin/downloaders/WallhavenSource.py'
INFO: 2024-05-25 17:55:21,601: load() 'Jumble found plugin class: <class 'WallhavenSource.WallhavenSource'>: {'name': 'WallhavenSource', 'description': 'Configurable source for fetching images from Wallhaven.cc', 'author': 'Peter Levi', 'version': '0.1'}'
INFO: 2024-05-25 17:55:21,602: _walk_modules() 'Jumble loading module in __init__ from /usr/lib/python3.12/site-packages/variety/plugins/builtin/downloaders/__init__.py'
INFO: 2024-05-25 17:55:21,602: _walk_modules() 'Jumble loading module in FortuneSource from /usr/lib/python3.12/site-packages/variety/plugins/builtin/quotes/FortuneSource.py'
INFO: 2024-05-25 17:55:21,603: load() 'Jumble found plugin class: <class 'FortuneSource.FortuneSource'>: {'name': 'UNIX fortune program', 'description': 'Displays quotes using the UNIX fortune program. You may want to install additional fortune packs, e.g. fortunes-bofh-excuses.', 'author': 'Dan Jones', 'version': '0.1'}'
INFO: 2024-05-25 17:55:21,603: _walk_modules() 'Jumble loading module in GoodreadsSource from /usr/lib/python3.12/site-packages/variety/plugins/builtin/quotes/GoodreadsSource.py'
INFO: 2024-05-25 17:55:21,756: load() 'Jumble found plugin class: <class 'GoodreadsSource.GoodreadsSource'>: {'name': 'Goodreads', 'description': 'Fetches quotes from Goodreads.com', 'author': 'Peter Levi', 'version': '0.1'}'
INFO: 2024-05-25 17:55:21,757: _walk_modules() 'Jumble loading module in LocalFilesSource from /usr/lib/python3.12/site-packages/variety/plugins/builtin/quotes/LocalFilesSource.py'
INFO: 2024-05-25 17:55:21,758: load() 'Jumble found plugin class: <class 'LocalFilesSource.LocalFilesSource'>: {'name': 'Local text files', 'description': 'Displays quotes, defined in local text files.\nPut your own txt files in: ~/.config/variety/pluginconfig/quotes/.\nThe file format is:\n\nquote -- author\n.\nsecond quote -- another author\n.\netc...\n\nExample: http://rvelthuis.de/zips/quotes.txt', 'author': 'Peter Levi', 'version': '0.1'}'
INFO: 2024-05-25 17:55:21,758: _walk_modules() 'Jumble loading module in QuotationsPageSource from /usr/lib/python3.12/site-packages/variety/plugins/builtin/quotes/QuotationsPageSource.py'
INFO: 2024-05-25 17:55:21,759: load() 'Jumble found plugin class: <class 'QuotationsPageSource.QuotationsPageSource'>: {'name': 'TheQuotationsPage.com', 'description': 'Fetches quotes from TheQuotationsPage.com', 'author': 'Peter Levi', 'version': '0.1'}'
INFO: 2024-05-25 17:55:21,759: _walk_modules() 'Jumble loading module in UrbanDictionarySource from /usr/lib/python3.12/site-packages/variety/plugins/builtin/quotes/UrbanDictionarySource.py'
INFO: 2024-05-25 17:55:21,759: load() 'Jumble found plugin class: <class 'UrbanDictionarySource.UrbanDictionarySource'>: {'name': 'Urban Dictionary', 'description': 'Displays definitions from Urban Dictionary', 'author': 'James Miller', 'version': '0.1'}'
INFO: 2024-05-25 17:55:21,760: _walk_modules() 'Jumble loading module in __init__ from /usr/lib/python3.12/site-packages/variety/plugins/builtin/quotes/__init__.py'
INFO: 2024-05-25 17:55:21,832: log_options() 'Loaded options:'
INFO: 2024-05-25 17:55:21,832: log_options() 'change_enabled = True'
INFO: 2024-05-25 17:55:21,832: log_options() 'change_interval = 300'
INFO: 2024-05-25 17:55:21,832: log_options() 'change_on_start = True'
INFO: 2024-05-25 17:55:21,832: log_options() 'clipboard_enabled = False'
INFO: 2024-05-25 17:55:21,832: log_options() 'clipboard_hosts = ['wallhaven.cc', 'wallpapers.net', 'flickr.com', 'imgur.com', 'deviantart.com', 'interfacelift.com', 'vladstudio.com', 'imageshack.us', 'deviantart.net', 'imageshack.com']'
INFO: 2024-05-25 17:55:21,832: log_options() 'clipboard_use_whitelist = True'
INFO: 2024-05-25 17:55:21,833: log_options() 'clock_date_font = Serif 30'
INFO: 2024-05-25 17:55:21,833: log_options() 'clock_enabled = False'
INFO: 2024-05-25 17:55:21,833: log_options() 'clock_filter = -density 100 -font `fc-match -f '%{file[0]}' '%CLOCK_FONT_NAME'` -pointsize %CLOCK_FONT_SIZE -gravity SouthEast -fill '#00000044' -annotate 0x0+[%HOFFSET+58]+[%VOFFSET+108] '%H:%M' -fill white -annotate 0x0+[%HOFFSET+60]+[%VOFFSET+110] '%H:%M' -font `fc-match -f '%{file[0]}' '%DATE_FONT_NAME'` -pointsize %DATE_FONT_SIZE -fill '#00000044' -annotate 0x0+[%HOFFSET+58]+[%VOFFSET+58] '%A, %B %d' -fill white -annotate 0x0+[%HOFFSET+60]+[%VOFFSET+60] '%A, %B %d''
INFO: 2024-05-25 17:55:21,833: log_options() 'clock_font = Serif 70'
INFO: 2024-05-25 17:55:21,833: log_options() 'configfile = /home/cunningsquid/.config/variety/variety.conf'
INFO: 2024-05-25 17:55:21,833: log_options() 'copyto_enabled = False'
INFO: 2024-05-25 17:55:21,833: log_options() 'copyto_folder = Default'
INFO: 2024-05-25 17:55:21,833: log_options() 'desired_color = [160, 160, 160]'
INFO: 2024-05-25 17:55:21,833: log_options() 'desired_color_enabled = False'
INFO: 2024-05-25 17:55:21,833: log_options() 'download_folder = /home/cunningsquid/.config/variety/Downloaded'
INFO: 2024-05-25 17:55:21,833: log_options() 'download_preference_ratio = 0.9'
INFO: 2024-05-25 17:55:21,833: log_options() 'favorites_folder = /home/cunningsquid/.config/variety/Favorites'
INFO: 2024-05-25 17:55:21,833: log_options() 'favorites_operations = [['Downloaded', 'Copy'], ['Fetched', 'Move'], ['Others', 'Copy']]'
INFO: 2024-05-25 17:55:21,833: log_options() 'fetched_folder = /home/cunningsquid/.config/variety/Fetched'
INFO: 2024-05-25 17:55:21,833: log_options() 'filters = [[False, 'Keep original', ''], [False, 'Grayscale', '-type Grayscale'], [False, 'Heavy blur', '-scale 20% -blur 0x10 -resize 500%'], [False, 'Soft blur', '-scale 20% -blur 0x2 -resize 500%'], [False, 'Oil painting', '-paint 8'], [False, 'Pointilism', '-spread 10 -noise 3'], [False, 'Pixellate', '-scale 3% -scale 3333%']]'
INFO: 2024-05-25 17:55:21,834: log_options() 'get_wallpaper_script = /home/cunningsquid/.config/variety/scripts/get_wallpaper'
INFO: 2024-05-25 17:55:21,834: log_options() 'icon = Current'
INFO: 2024-05-25 17:55:21,834: log_options() 'internet_enabled = True'
INFO: 2024-05-25 17:55:21,834: log_options() 'lightness_enabled = False'
INFO: 2024-05-25 17:55:21,834: log_options() 'lightness_mode = 0'
INFO: 2024-05-25 17:55:21,834: log_options() 'min_rating = 4'
INFO: 2024-05-25 17:55:21,834: log_options() 'min_rating_enabled = False'
INFO: 2024-05-25 17:55:21,834: log_options() 'min_size = 80'
INFO: 2024-05-25 17:55:21,834: log_options() 'min_size_enabled = False'
INFO: 2024-05-25 17:55:21,834: log_options() 'quota_enabled = True'
INFO: 2024-05-25 17:55:21,834: log_options() 'quota_size = 1000'
INFO: 2024-05-25 17:55:21,834: log_options() 'quotes_authors = '
INFO: 2024-05-25 17:55:21,834: log_options() 'quotes_bg_color = [80, 80, 80]'
INFO: 2024-05-25 17:55:21,834: log_options() 'quotes_bg_opacity = 55'
INFO: 2024-05-25 17:55:21,834: log_options() 'quotes_change_enabled = False'
INFO: 2024-05-25 17:55:21,834: log_options() 'quotes_change_interval = 300'
INFO: 2024-05-25 17:55:21,834: log_options() 'quotes_disabled_sources = ['Urban Dictionary']'
INFO: 2024-05-25 17:55:21,835: log_options() 'quotes_enabled = False'
INFO: 2024-05-25 17:55:21,835: log_options() 'quotes_favorites_file = /home/cunningsquid/.config/variety/favorite_quotes.txt'
INFO: 2024-05-25 17:55:21,835: log_options() 'quotes_font = Serif 30'
INFO: 2024-05-25 17:55:21,835: log_options() 'quotes_hpos = 100'
INFO: 2024-05-25 17:55:21,835: log_options() 'quotes_max_length = 250'
INFO: 2024-05-25 17:55:21,835: log_options() 'quotes_tags = '
INFO: 2024-05-25 17:55:21,835: log_options() 'quotes_text_color = [255, 255, 255]'
INFO: 2024-05-25 17:55:21,835: log_options() 'quotes_text_shadow = False'
INFO: 2024-05-25 17:55:21,835: log_options() 'quotes_vpos = 40'
INFO: 2024-05-25 17:55:21,835: log_options() 'quotes_width = 70'
INFO: 2024-05-25 17:55:21,835: log_options() 'safe_mode = False'
INFO: 2024-05-25 17:55:21,835: log_options() 'set_wallpaper_script = /home/cunningsquid/.config/variety/scripts/set_wallpaper'
INFO: 2024-05-25 17:55:21,835: log_options() 'slideshow_custom_enabled = False'
INFO: 2024-05-25 17:55:21,835: log_options() 'slideshow_custom_folder = /home/cunningsquid/Pictures'
INFO: 2024-05-25 17:55:21,835: log_options() 'slideshow_downloads_enabled = False'
INFO: 2024-05-25 17:55:21,835: log_options() 'slideshow_fade = 0.4'
INFO: 2024-05-25 17:55:21,836: log_options() 'slideshow_favorites_enabled = True'
INFO: 2024-05-25 17:55:21,836: log_options() 'slideshow_mode = Fullscreen'
INFO: 2024-05-25 17:55:21,836: log_options() 'slideshow_monitor = All'
INFO: 2024-05-25 17:55:21,836: log_options() 'slideshow_pan = 0.05'
INFO: 2024-05-25 17:55:21,836: log_options() 'slideshow_seconds = 6.0'
INFO: 2024-05-25 17:55:21,836: log_options() 'slideshow_sort_order = Random'
INFO: 2024-05-25 17:55:21,836: log_options() 'slideshow_sources_enabled = True'
INFO: 2024-05-25 17:55:21,836: log_options() 'slideshow_zoom = 0.2'
INFO: 2024-05-25 17:55:21,836: log_options() 'smart_enabled = False'
INFO: 2024-05-25 17:55:21,836: log_options() 'smart_notice_shown = False'
INFO: 2024-05-25 17:55:21,836: log_options() 'smart_register_shown = False'
INFO: 2024-05-25 17:55:21,836: log_options() 'sources = [[False, 'favorites', 'The Favorites folder'], [False, 'fetched', 'The Fetched folder'], [False, 'folder', '/usr/share/backgrounds'], [False, 'flickr', 'user:www.flickr.com/photos/peter-levi/;user_id:93647178@N00;'], [False, 'apod', "NASA's Astronomy Picture of the Day"], [False, 'bing', 'Bing Photo of the Day'], [False, 'earthview', 'Google Earth View Wallpapers'], [False, 'natgeo', "National Geographic's photo of the day"], [False, 'unsplash', 'High-resolution photos from Unsplash.com'], [True, 'folder', '/home/cunningsquid/wallpapers']]'
INFO: 2024-05-25 17:55:21,836: log_options() 'stats_enabled = True'
INFO: 2024-05-25 17:55:21,836: log_options() 'stats_notice_shown = False'
INFO: 2024-05-25 17:55:21,836: log_options() 'sync_enabled = True'
INFO: 2024-05-25 17:55:21,836: log_options() 'use_landscape_enabled = True'
INFO: 2024-05-25 17:55:21,837: log_options() 'wallhaven_api_key = '
INFO: 2024-05-25 17:55:21,837: log_options() 'wallpaper_auto_rotate = False'
INFO: 2024-05-25 17:55:21,837: log_options() 'wallpaper_display_mode = smart'
INFO: 2024-05-25 17:55:21,837: reload_config() 'No need to clear prepared queue'
INFO: 2024-05-25 17:55:21,837: update_indicator() 'Setting file info to: /home/cunningsquid/wallpapers/Riverside_light.png'
INFO: 2024-05-25 17:55:22,100: load_banned() 'Missing or invalid banned URLs list, no URLs will be banned'
INFO: 2024-05-25 17:55:22,100: load_last_change_time() 'Change interval < 6 hours, ignore persisted last_change_time, wait initially the whole interval: 300'
INFO: 2024-05-25 17:55:22,100: update_indicator() 'Setting file info to: /home/cunningsquid/wallpapers/Riverside_light.png'
INFO: 2024-05-25 17:55:22,105: regular_change_thread() 'regular_change thread running'
INFO: 2024-05-25 17:55:22,105: prepare_thread() 'Prepare thread running'
INFO: 2024-05-25 17:55:22,105: prepare_thread() 'Prepared buffer contains 0 images'
INFO: 2024-05-25 17:55:22,105: prepare_thread() 'Preparing some images'
INFO: 2024-05-25 17:55:22,108: update_indicator_icon() 'Creating indicator'
WARNING: 2024-05-25 17:55:22,159: create_menu() 'Variety Slideshow is not installed. This is an optional extension adding pan-and-zoom slideshows to Variety: see https://github.com/peterlevi/variety-slideshow for details'
INFO: 2024-05-25 17:55:22,160: create_indicator() 'indicator backend: AppIndicator3'
INFO: 2024-05-25 17:55:22,166: set_icon() 'Showing indicator icon image: /home/cunningsquid/wallpapers/Riverside_light.png'
INFO: 2024-05-25 17:55:22,201: do_set_wp() 'Calling do_set_wp with /home/cunningsquid/wallpapers/Riverside_light.png, time: 1716652522.201381'
INFO: 2024-05-25 17:55:22,215: update_indicator() 'Setting file info to: /home/cunningsquid/wallpapers/Riverside_light.png'
INFO: 2024-05-25 17:55:22,443: set_icon() 'Showing indicator icon image: /home/cunningsquid/wallpapers/Riverside_light.png'
INFO: 2024-05-25 17:55:25,055: prepare_thread() 'After search prepared buffer contains 100 images'
INFO: 2024-05-25 17:55:25,147: reload() 'Reloading preferences dialog'
INFO: 2024-05-25 17:55:27,056: trigger_download() 'Triggering download thread to check if download needed and possible'
INFO: 2024-05-25 17:55:27,106: set_wallpaper() 'Calling set_wallpaper with /home/cunningsquid/wallpapers/Forest-Dark.png'
INFO: 2024-05-25 17:55:27,106: prepare_thread() 'Prepared buffer contains 99 images'
INFO: 2024-05-25 17:55:27,107: do_set_wp() 'Calling do_set_wp with /home/cunningsquid/wallpapers/Forest-Dark.png, time: 1716652527.1071446'
INFO: 2024-05-25 17:55:27,117: update_indicator() 'Setting file info to: /home/cunningsquid/wallpapers/Forest-Dark.png'
INFO: 2024-05-25 17:55:29,088: set_icon() 'Showing indicator icon image: /home/cunningsquid/wallpapers/Forest-Dark.png'
INFO: 2024-05-25 17:55:29,107: trigger_download() 'Triggering download thread to check if download needed and possible'
INFO: 2024-05-25 17:55:42,107: server_options_thread() 'Fetching server options from http://tiny.cc/variety-options-063'
INFO: 2024-05-25 17:55:43,000: server_options_thread() 'Fetched server options: {'flickr': {'min_fill_queue_interval': 1200, 'min_download_interval': 1200}, 'wallbase': {'min_fill_queue_interval': 1800, 'min_download_interval': 1800}, 'wallhaven': {'min_fill_queue_interval': 1800, 'min_download_interval': 1800}, 'wallpapers.net': {'min_fill_queue_interval': 601, 'min_download_interval': 0}, 'unsplash': {'min_fill_queue_interval': 20000000000, 'min_download_interval': 20000000000}, 'unsplash_v2': {'min_fill_queue_interval': 3600, 'min_download_interval': 1800}, 'status_message': {'0.0.1': '', '*': ''}}'
INFO: 2024-05-25 18:00:29,088: regular_change_thread() 'regular_change changes wallpaper'
INFO: 2024-05-25 18:00:29,088: set_wallpaper() 'Calling set_wallpaper with /home/cunningsquid/wallpapers/Anime-Girl3.png'
INFO: 2024-05-25 18:00:29,089: prepare_thread() 'Prepared buffer contains 98 images'
INFO: 2024-05-25 18:00:29,089: do_set_wp() 'Calling do_set_wp with /home/cunningsquid/wallpapers/Anime-Girl3.png, time: 1716652829.0893927'
INFO: 2024-05-25 18:00:29,100: update_indicator() 'Setting file info to: /home/cunningsquid/wallpapers/Anime-Girl3.png'
INFO: 2024-05-25 18:00:30,720: set_icon() 'Showing indicator icon image: /home/cunningsquid/wallpapers/Anime-Girl3.png'
INFO: 2024-05-25 18:00:31,089: trigger_download() 'Triggering download thread to check if download needed and possible'
INFO: 2024-05-25 18:05:30,721: regular_change_thread() 'regular_change changes wallpaper'
INFO: 2024-05-25 18:05:30,721: set_wallpaper() 'Calling set_wallpaper with /home/cunningsquid/wallpapers/Sunset-room.png'
INFO: 2024-05-25 18:05:30,722: do_set_wp() 'Calling do_set_wp with /home/cunningsquid/wallpapers/Sunset-room.png, time: 1716653130.722319'
INFO: 2024-05-25 18:05:30,722: prepare_thread() 'Prepared buffer contains 97 images'
INFO: 2024-05-25 18:05:30,732: update_indicator() 'Setting file info to: /home/cunningsquid/wallpapers/Sunset-room.png'
INFO: 2024-05-25 18:05:32,255: set_icon() 'Showing indicator icon image: /home/cunningsquid/wallpapers/Sunset-room.png'
INFO: 2024-05-25 18:05:32,723: trigger_download() 'Triggering download thread to check if download needed and possible'
INFO: 2024-05-25 18:10:32,255: regular_change_thread() 'regular_change changes wallpaper'
INFO: 2024-05-25 18:10:32,256: set_wallpaper() 'Calling set_wallpaper with /home/cunningsquid/wallpapers/Fantasy-Garden.png'
INFO: 2024-05-25 18:10:32,256: do_set_wp() 'Calling do_set_wp with /home/cunningsquid/wallpapers/Fantasy-Garden.png, time: 1716653432.2564867'
INFO: 2024-05-25 18:10:32,256: prepare_thread() 'Prepared buffer contains 96 images'
INFO: 2024-05-25 18:10:32,266: update_indicator() 'Setting file info to: /home/cunningsquid/wallpapers/Fantasy-Garden.png'
INFO: 2024-05-25 18:10:34,257: trigger_download() 'Triggering download thread to check if download needed and possible'
INFO: 2024-05-25 18:10:34,709: set_icon() 'Showing indicator icon image: /home/cunningsquid/wallpapers/Fantasy-Garden.png'
